<?xml version="1.0" encoding="UTF-8"?>
<testng-results ignored="0" total="1" passed="1" failed="0" skipped="0">
  <reporter-output>
  </reporter-output>
  <suite started-at="2022-11-30T00:10:16 IST" name="Suite" finished-at="2022-11-30T00:10:16 IST" duration-ms="114">
    <groups>
    </groups>
    <test started-at="2022-11-30T00:10:16 IST" name="Test" finished-at="2022-11-30T00:10:16 IST" duration-ms="114">
      <class name="simple.jenkins.project.Jenkins">
        <test-method signature="simplejenkins()[pri:0, instance:simple.jenkins.project.Jenkins@3541cb24]" started-at="2022-11-30T00:10:16 IST" name="simplejenkins" finished-at="2022-11-30T00:10:16 IST" duration-ms="87" status="PASS">
          <reporter-output>
          </reporter-output>
        </test-method> <!-- simplejenkins -->
      </class> <!-- simple.jenkins.project.Jenkins -->
    </test> <!-- Test -->
  </suite> <!-- Suite -->
</testng-results>
